# JRE version: Java(TM) SE Runtime Environment (8.0_131-b11) (build 1.8.0_131-b11)
# Java VM: Java HotSpot(TM) 64-Bit Server VM (25.131-b11 mixed mode windows-amd64 compressed oops)
Heap:
 PSYoungGen      total 68608K, used 24523K [0x00000000d6b80000, 0x00000000dce80000, 0x0000000100000000)
  eden space 58368K, 24% used [0x00000000d6b80000,0x00000000d7978f50,0x00000000da480000)
  from space 10240K, 99% used [0x00000000da480000,0x00000000dae79cd0,0x00000000dae80000)
  to   space 12800K, 0% used [0x00000000dc200000,0x00000000dc200000,0x00000000dce80000)
 ParOldGen       total 67072K, used 18283K [0x0000000084200000, 0x0000000088380000, 0x00000000d6b80000)
  object space 67072K, 27% used [0x0000000084200000,0x00000000853dae90,0x0000000088380000)
 Metaspace       used 23299K, capacity 23914K, committed 24192K, reserved 1071104K
  class space    used 2772K, capacity 2916K, committed 2944K, reserved 1048576K
GC Heap History (10 events):
Event: 7.176 GC heap before
{Heap before GC invocations=6 (full 0):
 PSYoungGen      total 36864K, used 36856K [0x00000000d6b80000, 0x00000000dbe80000, 0x0000000100000000)
  eden space 31744K, 100% used [0x00000000d6b80000,0x00000000d8a80000,0x00000000d8a80000)
  from space 5120K, 99% used [0x00000000d8a80000,0x00000000d8f7e050,0x00000000d8f80000)
  to   space 10752K, 0% used [0x00000000db400000,0x00000000db400000,0x00000000dbe80000)
 ParOldGen       total 84992K, used 12144K [0x0000000084200000, 0x0000000089500000, 0x00000000d6b80000)
  object space 84992K, 14% used [0x0000000084200000,0x0000000084ddc060,0x0000000089500000)
 Metaspace       used 16799K, capacity 17186K, committed 17280K, reserved 1064960K
  class space    used 2013K, capacity 2127K, committed 2176K, reserved 1048576K
Event: 7.190 GC heap after
Heap after GC invocations=6 (full 0):
 PSYoungGen      total 38912K, used 7522K [0x00000000d6b80000, 0x00000000dbb80000, 0x0000000100000000)
  eden space 31232K, 0% used [0x00000000d6b80000,0x00000000d6b80000,0x00000000d8a00000)
  from space 7680K, 97% used [0x00000000db400000,0x00000000dbb588e0,0x00000000dbb80000)
  to   space 10240K, 0% used [0x00000000da780000,0x00000000da780000,0x00000000db180000)
 ParOldGen       total 84992K, used 12152K [0x0000000084200000, 0x0000000089500000, 0x00000000d6b80000)
  object space 84992K, 14% used [0x0000000084200000,0x0000000084dde060,0x0000000089500000)
 Metaspace       used 16799K, capacity 17186K, committed 17280K, reserved 1064960K
  class space    used 2013K, capacity 2127K, committed 2176K, reserved 1048576K
}
Event: 9.222 GC heap before
{Heap before GC invocations=7 (full 0):
 PSYoungGen      total 38912K, used 38754K [0x00000000d6b80000, 0x00000000dbb80000, 0x0000000100000000)
  eden space 31232K, 100% used [0x00000000d6b80000,0x00000000d8a00000,0x00000000d8a00000)
  from space 7680K, 97% used [0x00000000db400000,0x00000000dbb588e0,0x00000000dbb80000)
  to   space 10240K, 0% used [0x00000000da780000,0x00000000da780000,0x00000000db180000)
 ParOldGen       total 84992K, used 12152K [0x0000000084200000, 0x0000000089500000, 0x00000000d6b80000)
  object space 84992K, 14% used [0x0000000084200000,0x0000000084dde060,0x0000000089500000)
 Metaspace       used 18581K, capacity 19020K, committed 19328K, reserved 1067008K
  class space    used 2211K, capacity 2336K, committed 2432K, reserved 1048576K
Event: 9.236 GC heap after
Heap after GC invocations=7 (full 0):
 PSYoungGen      total 37888K, used 6783K [0x00000000d6b80000, 0x00000000db480000, 0x0000000100000000)
  eden space 30720K, 0% used [0x00000000d6b80000,0x00000000d6b80000,0x00000000d8980000)
  from space 7168K, 94% used [0x00000000da780000,0x00000000dae1fdd0,0x00000000dae80000)
  to   space 6144K, 0% used [0x00000000dae80000,0x00000000dae80000,0x00000000db480000)
 ParOldGen       total 84992K, used 13964K [0x0000000084200000, 0x0000000089500000, 0x00000000d6b80000)
  object space 84992K, 16% used [0x0000000084200000,0x0000000084fa30e0,0x0000000089500000)
 Metaspace       used 18581K, capacity 19020K, committed 19328K, reserved 1067008K
  class space    used 2211K, capacity 2336K, committed 2432K, reserved 1048576K
}
Event: 9.532 GC heap before
{Heap before GC invocations=8 (full 0):
 PSYoungGen      total 37888K, used 16204K [0x00000000d6b80000, 0x00000000db480000, 0x0000000100000000)
  eden space 30720K, 30% used [0x00000000d6b80000,0x00000000d74b33b0,0x00000000d8980000)
  from space 7168K, 94% used [0x00000000da780000,0x00000000dae1fdd0,0x00000000dae80000)
  to   space 6144K, 0% used [0x00000000dae80000,0x00000000dae80000,0x00000000db480000)
 ParOldGen       total 84992K, used 13964K [0x0000000084200000, 0x0000000089500000, 0x00000000d6b80000)
  object space 84992K, 16% used [0x0000000084200000,0x0000000084fa30e0,0x0000000089500000)
 Metaspace       used 20761K, capacity 21164K, committed 21296K, reserved 1069056K
  class space    used 2506K, capacity 2624K, committed 2688K, reserved 1048576K
Event: 9.561 GC heap after
Heap after GC invocations=8 (full 0):
 PSYoungGen      total 64512K, used 4739K [0x00000000d6b80000, 0x00000000dbb80000, 0x0000000100000000)
  eden space 58368K, 0% used [0x00000000d6b80000,0x00000000d6b80000,0x00000000da480000)
  from space 6144K, 77% used [0x00000000dae80000,0x00000000db320e68,0x00000000db480000)
  to   space 10240K, 0% used [0x00000000da480000,0x00000000da480000,0x00000000dae80000)
 ParOldGen       total 84992K, used 16334K [0x0000000084200000, 0x0000000089500000, 0x00000000d6b80000)
  object space 84992K, 19% used [0x0000000084200000,0x00000000851f3910,0x0000000089500000)
 Metaspace       used 20761K, capacity 21164K, committed 21296K, reserved 1069056K
  class space    used 2506K, capacity 2624K, committed 2688K, reserved 1048576K
}
Event: 9.561 GC heap before
{Heap before GC invocations=9 (full 1):
 PSYoungGen      total 64512K, used 4739K [0x00000000d6b80000, 0x00000000dbb80000, 0x0000000100000000)
  eden space 58368K, 0% used [0x00000000d6b80000,0x00000000d6b80000,0x00000000da480000)
  from space 6144K, 77% used [0x00000000dae80000,0x00000000db320e68,0x00000000db480000)
  to   space 10240K, 0% used [0x00000000da480000,0x00000000da480000,0x00000000dae80000)
 ParOldGen       total 84992K, used 16334K [0x0000000084200000, 0x0000000089500000, 0x00000000d6b80000)
  object space 84992K, 19% used [0x0000000084200000,0x00000000851f3910,0x0000000089500000)
 Metaspace       used 20761K, capacity 21164K, committed 21296K, reserved 1069056K
  class space    used 2506K, capacity 2624K, committed 2688K, reserved 1048576K
Event: 9.789 GC heap after
Heap after GC invocations=9 (full 1):
 PSYoungGen      total 64512K, used 0K [0x00000000d6b80000, 0x00000000dbb80000, 0x0000000100000000)
  eden space 58368K, 0% used [0x00000000d6b80000,0x00000000d6b80000,0x00000000da480000)
  from space 6144K, 0% used [0x00000000dae80000,0x00000000dae80000,0x00000000db480000)
  to   space 10240K, 0% used [0x00000000da480000,0x00000000da480000,0x00000000dae80000)
 ParOldGen       total 67072K, used 15289K [0x0000000084200000, 0x0000000088380000, 0x00000000d6b80000)
  object space 67072K, 22% used [0x0000000084200000,0x00000000850ee688,0x0000000088380000)
 Metaspace       used 20761K, capacity 21164K, committed 21296K, reserved 1069056K
  class space    used 2506K, capacity 2624K, committed 2688K, reserved 1048576K
}
Event: 15.354 GC heap before
{Heap before GC invocations=10 (full 1):
 PSYoungGen      total 64512K, used 58368K [0x00000000d6b80000, 0x00000000dbb80000, 0x0000000100000000)
  eden space 58368K, 100% used [0x00000000d6b80000,0x00000000da480000,0x00000000da480000)
  from space 6144K, 0% used [0x00000000dae80000,0x00000000dae80000,0x00000000db480000)
  to   space 10240K, 0% used [0x00000000da480000,0x00000000da480000,0x00000000dae80000)
 ParOldGen       total 67072K, used 15289K [0x0000000084200000, 0x0000000088380000, 0x00000000d6b80000)
  object space 67072K, 22% used [0x0000000084200000,0x00000000850ee688,0x0000000088380000)
 Metaspace       used 22797K, capacity 23402K, committed 23680K, reserved 1071104K
  class space    used 2715K, capacity 2852K, committed 2944K, reserved 1048576K
Event: 15.375 GC heap after
Heap after GC invocations=10 (full 1):
 PSYoungGen      total 68608K, used 10215K [0x00000000d6b80000, 0x00000000dce80000, 0x0000000100000000)
  eden space 58368K, 0% used [0x00000000d6b80000,0x00000000d6b80000,0x00000000da480000)
  from space 10240K, 99% used [0x00000000da480000,0x00000000dae79cd0,0x00000000dae80000)
  to   space 12800K, 0% used [0x00000000dc200000,0x00000000dc200000,0x00000000dce80000)
 ParOldGen       total 67072K, used 18283K [0x0000000084200000, 0x0000000088380000, 0x00000000d6b80000)
  object space 67072K, 27% used [0x0000000084200000,0x00000000853dae90,0x0000000088380000)
 Metaspace       used 22797K, capacity 23402K, committed 23680K, reserved 1071104K
  class space    used 2715K, capacity 2852K, committed 2944K, reserved 1048576K
}

